Using pre-set license
Built from '6000.2/respin/6000.2.0b2-d4c40f50eb81' branch; Version is '6000.2.0b2 (2bdac9ac0d74) revision 2874057'; Using compiler version '194234433'; Build Type 'Release'
OS: 'Windows 11  (10.0.26100) 64bit Professional' Language: 'pt' Physical Memory: 16229 MB
BatchMode: 1, IsHumanControllingUs: 0, StartBugReporterOnCrash: 0, Is64bit: 1
Date: 2025-05-30T14:16:30Z

COMMAND LINE ARGUMENTS:
C:\Program Files\Unity\6000.2.0b2\Editor\Unity.exe
-adb2
-batchMode
-noUpm
-name
AssetImportWorker0
-projectPath
D:/Lucas/Estudos/Dev/Unity/PathOfLearning
-logFile
Logs/AssetImportWorker0.log
-srvPort
57531
-job-worker-count
5
-background-job-worker-count
8
-gc-helper-count
1
-name
AssetImport
Successfully changed project path to: D:/Lucas/Estudos/Dev/Unity/PathOfLearning
D:/Lucas/Estudos/Dev/Unity/PathOfLearning
[UnityMemory] Configuration Parameters - Can be set up in boot.config
    "memorysetup-allocator-temp-initial-block-size-main=262144"
    "memorysetup-allocator-temp-initial-block-size-worker=262144"
    "memorysetup-bucket-allocator-granularity=16"
    "memorysetup-bucket-allocator-bucket-count=8"
    "memorysetup-bucket-allocator-block-size=33554432"
    "memorysetup-bucket-allocator-block-count=8"
    "memorysetup-main-allocator-block-size=16777216"
    "memorysetup-thread-allocator-block-size=16777216"
    "memorysetup-gfx-main-allocator-block-size=16777216"
    "memorysetup-gfx-thread-allocator-block-size=16777216"
    "memorysetup-cache-allocator-block-size=4194304"
    "memorysetup-typetree-allocator-block-size=2097152"
    "memorysetup-profiler-bucket-allocator-granularity=16"
    "memorysetup-profiler-bucket-allocator-bucket-count=8"
    "memorysetup-profiler-bucket-allocator-block-size=33554432"
    "memorysetup-profiler-bucket-allocator-block-count=8"
    "memorysetup-profiler-allocator-block-size=16777216"
    "memorysetup-profiler-editor-allocator-block-size=1048576"
    "memorysetup-temp-allocator-size-main=16777216"
    "memorysetup-job-temp-allocator-block-size=2097152"
    "memorysetup-job-temp-allocator-block-size-background=1048576"
    "memorysetup-job-temp-allocator-reduction-small-platforms=262144"
    "memorysetup-temp-allocator-size-background-worker=32768"
    "memorysetup-temp-allocator-size-job-worker=262144"
    "memorysetup-temp-allocator-size-preload-manager=33554432"
    "memorysetup-temp-allocator-size-nav-mesh-worker=65536"
    "memorysetup-temp-allocator-size-audio-worker=65536"
    "memorysetup-temp-allocator-size-cloud-worker=32768"
    "memorysetup-temp-allocator-size-gi-baking-worker=262144"
    "memorysetup-temp-allocator-size-gi-baking-worker=262144"
    "memorysetup-temp-allocator-size-gi-baking-worker=262144"
    "memorysetup-temp-allocator-size-gi-baking-worker=262144"
    "memorysetup-temp-allocator-size-gi-baking-worker=262144"
    "memorysetup-temp-allocator-size-gfx=262144"
Player connection [42700]  Target information:

Player connection [42700]  * "[IP] 192.168.1.102 [Port] 0 [Flags] 2 [Guid] 754202315 [EditorId] 754202315 [Version] 1048832 [Id] WindowsEditor(7,DESKTOP-KL4VHS6) [Debug] 1 [PackageName] WindowsEditor [ProjectName] Editor" 

Player connection [42700] Host joined multi-casting on [225.0.0.222:54997]...
Player connection [42700] Host joined alternative multi-casting on [225.0.0.222:34997]...
JobSystem: Creating JobQueue using job-worker-count value 5
Input System module state changed to: Initialized.
[Physics::Module] Initialized fallback backend.
[Physics::Module] Id: 0xdecafbad
Library Redirect Path: Library/
[Physics::Module] Selected backend.
[Physics::Module] Name: PhysX
[Physics::Module] Id: 0xf2b8ea05
[Physics::Module] SDK Version: 4.1.2
[Physics::Module] Integration Version: 1.0.0
[Physics::Module] Threading Mode: Multi-Threaded
Refreshing native plugins compatible for Editor in 2.81 ms, found 3 plugins.
Preloading 0 native plugins for Editor in 0.00 ms.
Initialize engine version: 6000.2.0b2 (2bdac9ac0d74)
[Subsystems] Discovering subsystems at path C:/Program Files/Unity/6000.2.0b2/Editor/Data/Resources/UnitySubsystems
[Subsystems] Discovering subsystems at path D:/Lucas/Estudos/Dev/Unity/PathOfLearning/Assets
GfxDevice: creating device client; kGfxThreadingModeNonThreaded
Direct3D:
    Version:         Direct3D 12 [level 12.1]
    Renderer:        AMD Radeon RX 6700 XT (ID=0x73df)
    Vendor:          ATI
    VRAM:            12217 MB
    App VRAM Budget: 11449 MB
    Driver:          32.0.12033.1030
Initialize mono
Mono path[0] = 'C:/Program Files/Unity/6000.2.0b2/Editor/Data/Managed'
Mono path[1] = 'C:/Program Files/Unity/6000.2.0b2/Editor/Data/MonoBleedingEdge/lib/mono/unityjit-win32'
Mono config path = 'C:/Program Files/Unity/6000.2.0b2/Editor/Data/MonoBleedingEdge/etc'
Using monoOptions --debugger-agent=transport=dt_socket,embedding=1,server=y,suspend=n,address=127.0.0.1:56940
Begin MonoManager ReloadAssembly
Registering precompiled unity dll's ...
Register platform support module: C:/Program Files/Unity/6000.2.0b2/Editor/Data/PlaybackEngines/WebGLSupport/UnityEditor.WebGL.Extensions.dll
Register platform support module: C:/Program Files/Unity/6000.2.0b2/Editor/Data/PlaybackEngines/WindowsStandaloneSupport/UnityEditor.WindowsStandalone.Extensions.dll
Register platform support module: C:/Program Files/Unity/6000.2.0b2/Editor/Data/PlaybackEngines/MetroSupport/UnityEditor.UWP.Extensions.dll
Registered in 0.003651 seconds.
- Loaded All Assemblies, in  0.399 seconds
Native extension for UWP target not found
Native extension for WindowsStandalone target not found
Native extension for WebGL target not found
Mono: successfully reloaded assembly
- Finished resetting the current domain, in  0.362 seconds
Domain Reload Profiling: 756ms
	BeginReloadAssembly (133ms)
		ExecutionOrderSort (0ms)
		DisableScriptedObjects (0ms)
		BackupInstance (0ms)
		ReleaseScriptingObjects (0ms)
		CreateAndSetChildDomain (1ms)
	RebuildCommonClasses (38ms)
	RebuildNativeTypeToScriptingClass (10ms)
	initialDomainReloadingComplete (53ms)
	LoadAllAssembliesAndSetupDomain (161ms)
		LoadAssemblies (130ms)
		RebuildTransferFunctionScriptingTraits (0ms)
		AnalyzeDomain (156ms)
			TypeCache.Refresh (155ms)
				TypeCache.ScanAssembly (142ms)
			BuildScriptInfoCaches (0ms)
			ResolveRequiredComponents (0ms)
	FinalizeReload (362ms)
		ReleaseScriptCaches (0ms)
		RebuildScriptCaches (0ms)
		SetupLoadedEditorAssemblies (318ms)
			LogAssemblyErrors (0ms)
			InitializePlatformSupportModulesInManaged (53ms)
			SetLoadedEditorAssemblies (4ms)
			BeforeProcessingInitializeOnLoad (66ms)
			ProcessInitializeOnLoadAttributes (139ms)
			ProcessInitializeOnLoadMethodAttributes (55ms)
			AfterProcessingInitializeOnLoad (0ms)
			EditorAssembliesLoaded (0ms)
		ExecutionOrderSort2 (0ms)
		AwakeInstancesAfterBackupRestoration (0ms)
========================================================================
Worker process is ready to serve import requests
Import Worker Mode flag is 0x00
Begin MonoManager ReloadAssembly
- Loaded All Assemblies, in  0.779 seconds
Refreshing native plugins compatible for Editor in 1.56 ms, found 3 plugins.
Native extension for UWP target not found
Native extension for WindowsStandalone target not found
Native extension for WebGL target not found
Mono: successfully reloaded assembly
- Finished resetting the current domain, in  0.909 seconds
Domain Reload Profiling: 1684ms
	BeginReloadAssembly (180ms)
		ExecutionOrderSort (0ms)
		DisableScriptedObjects (6ms)
		BackupInstance (0ms)
		ReleaseScriptingObjects (0ms)
		CreateAndSetChildDomain (34ms)
	RebuildCommonClasses (37ms)
	RebuildNativeTypeToScriptingClass (10ms)
	initialDomainReloadingComplete (42ms)
	LoadAllAssembliesAndSetupDomain (505ms)
		LoadAssemblies (379ms)
		RebuildTransferFunctionScriptingTraits (0ms)
		AnalyzeDomain (226ms)
			TypeCache.Refresh (173ms)
				TypeCache.ScanAssembly (157ms)
			BuildScriptInfoCaches (40ms)
			ResolveRequiredComponents (9ms)
	FinalizeReload (910ms)
		ReleaseScriptCaches (0ms)
		RebuildScriptCaches (0ms)
		SetupLoadedEditorAssemblies (618ms)
			LogAssemblyErrors (0ms)
			InitializePlatformSupportModulesInManaged (4ms)
			SetLoadedEditorAssemblies (8ms)
			BeforeProcessingInitializeOnLoad (161ms)
			ProcessInitializeOnLoadAttributes (385ms)
			ProcessInitializeOnLoadMethodAttributes (52ms)
			AfterProcessingInitializeOnLoad (8ms)
			EditorAssembliesLoaded (0ms)
		ExecutionOrderSort2 (0ms)
		AwakeInstancesAfterBackupRestoration (8ms)
Launched and connected shader compiler UnityShaderCompiler.exe after 0.01 seconds
Refreshing native plugins compatible for Editor in 1.43 ms, found 3 plugins.
Preloading 0 native plugins for Editor in 0.00 ms.
Unloading 239 Unused Serialized files (Serialized files now loaded: 0)
Unloading 5992 unused Assets / (4.6 MB). Loaded Objects now: 8677.
Memory consumption went from 166.7 MB to 162.2 MB.
Total: 9.345500 ms (FindLiveObjects: 0.716400 ms CreateObjectMapping: 0.882800 ms MarkObjects: 5.020600 ms  DeleteObjects: 2.724200 ms)

========================================================================
Received Import Request.
  Time since last request: 887039.843078 seconds.
  path: Assets/GameAssetsGreg/Model/Knight/KnightCharacter_002.fbx
  artifactKey: Guid(bc495b389c16b46409147ea8f0939061) Importer(815301076,1909f56bfc062723c751e8b465ee728b)
Start importing Assets/GameAssetsGreg/Model/Knight/KnightCharacter_002.fbx using Guid(bc495b389c16b46409147ea8f0939061) Importer(815301076,1909f56bfc062723c751e8b465ee728b) (PreviewImporter) -> (artifact id: '1534b13b0dc95ce0ff137d837af8fdbf') in 5.125547 seconds
Number of updated asset objects reloaded before import = 0Number of asset objects unloaded after import = 188

========================================================================
Received Import Request.
  Time since last request: 0.000065 seconds.
  path: Assets/GameAssetsGreg/Model/Skeleton/SkeletonDetail.png
  artifactKey: Guid(be7fd050b93919d44ab3b899e99ae196) Importer(815301076,1909f56bfc062723c751e8b465ee728b)
Start importing Assets/GameAssetsGreg/Model/Skeleton/SkeletonDetail.png using Guid(be7fd050b93919d44ab3b899e99ae196) Importer(815301076,1909f56bfc062723c751e8b465ee728b) (PreviewImporter) -> (artifact id: 'cd28b72467fab3441fdfd2569b45b8bf') in 0.0183482 seconds
Number of updated asset objects reloaded before import = 0Number of asset objects unloaded after import = 2

========================================================================
Received Import Request.
  Time since last request: 6.973781 seconds.
  path: Assets/GameAssetsGreg/Model/Weapons/ArrowBroad_001.fbx
  artifactKey: Guid(35e9c4919e06b2b4c89423e2daebf496) Importer(815301076,1909f56bfc062723c751e8b465ee728b)
Start importing Assets/GameAssetsGreg/Model/Weapons/ArrowBroad_001.fbx using Guid(35e9c4919e06b2b4c89423e2daebf496) Importer(815301076,1909f56bfc062723c751e8b465ee728b) (PreviewImporter) -> (artifact id: 'e619bcf6d4264401fd1af7d87badbb54') in 0.0741718 seconds
Number of updated asset objects reloaded before import = 0Number of asset objects unloaded after import = 10

========================================================================
Received Import Request.
  Time since last request: 0.000026 seconds.
  path: Assets/GameAssetsGreg/Model/Weapons/Shield_001.fbx
  artifactKey: Guid(488ae38e5135f39439022ce54f304476) Importer(815301076,1909f56bfc062723c751e8b465ee728b)
Start importing Assets/GameAssetsGreg/Model/Weapons/Shield_001.fbx using Guid(488ae38e5135f39439022ce54f304476) Importer(815301076,1909f56bfc062723c751e8b465ee728b) (PreviewImporter) -> (artifact id: '73128a789ae78a458f50db64d4d11b16') in 0.0303523 seconds
Number of updated asset objects reloaded before import = 0Number of asset objects unloaded after import = 10

========================================================================
Received Import Request.
  Time since last request: 0.000034 seconds.
  path: Assets/GameAssetsGreg/Model/Weapons/BattleAxe_001.fbx
  artifactKey: Guid(4451b266a5afd2447971e2d25fe17f70) Importer(815301076,1909f56bfc062723c751e8b465ee728b)
Start importing Assets/GameAssetsGreg/Model/Weapons/BattleAxe_001.fbx using Guid(4451b266a5afd2447971e2d25fe17f70) Importer(815301076,1909f56bfc062723c751e8b465ee728b) (PreviewImporter) -> (artifact id: '5db1565526230910e320d62fd88eead1') in 0.0386612 seconds
Number of updated asset objects reloaded before import = 0Number of asset objects unloaded after import = 10

========================================================================
Received Import Request.
  Time since last request: 0.000023 seconds.
  path: Assets/GameAssetsGreg/Model/Weapons/HammerDiffuse.png
  artifactKey: Guid(af4ea849ca6e330489c4c66ba84f51a0) Importer(815301076,1909f56bfc062723c751e8b465ee728b)
Start importing Assets/GameAssetsGreg/Model/Weapons/HammerDiffuse.png using Guid(af4ea849ca6e330489c4c66ba84f51a0) Importer(815301076,1909f56bfc062723c751e8b465ee728b) (PreviewImporter) -> (artifact id: 'e5e307e1af10617238a408325d311deb') in 0.0084044 seconds
Number of updated asset objects reloaded before import = 0Number of asset objects unloaded after import = 2

========================================================================
Received Import Request.
  Time since last request: 0.000024 seconds.
  path: Assets/GameAssetsGreg/Model/Weapons/ShieldAO.png
  artifactKey: Guid(5f8c0a49664de244aa46a75c34ebe4b0) Importer(815301076,1909f56bfc062723c751e8b465ee728b)
Start importing Assets/GameAssetsGreg/Model/Weapons/ShieldAO.png using Guid(5f8c0a49664de244aa46a75c34ebe4b0) Importer(815301076,1909f56bfc062723c751e8b465ee728b) (PreviewImporter) -> (artifact id: '1aeee7b43649fd6a1cb541c2168baa4d') in 0.0082207 seconds
Number of updated asset objects reloaded before import = 0Number of asset objects unloaded after import = 2

========================================================================
Received Import Request.
  Time since last request: 0.000036 seconds.
  path: Assets/GameAssetsGreg/Model/Weapons/MaceAO.png
  artifactKey: Guid(ace18023b019e44429aaf0c8c61b5742) Importer(815301076,1909f56bfc062723c751e8b465ee728b)
Start importing Assets/GameAssetsGreg/Model/Weapons/MaceAO.png using Guid(ace18023b019e44429aaf0c8c61b5742) Importer(815301076,1909f56bfc062723c751e8b465ee728b) (PreviewImporter) -> (artifact id: 'f3fa07a9b054a923c1b20beac439ce97') in 0.0079879 seconds
Number of updated asset objects reloaded before import = 0Number of asset objects unloaded after import = 2

========================================================================
Received Import Request.
  Time since last request: 0.000042 seconds.
  path: Assets/GameAssetsGreg/Model/Weapons/SwordDiffuseOutline.png
  artifactKey: Guid(d8574714366ee5f42be2129e1ab55105) Importer(815301076,1909f56bfc062723c751e8b465ee728b)
Start importing Assets/GameAssetsGreg/Model/Weapons/SwordDiffuseOutline.png using Guid(d8574714366ee5f42be2129e1ab55105) Importer(815301076,1909f56bfc062723c751e8b465ee728b) (PreviewImporter) -> (artifact id: '986f57849bd52483a04d1238bd07348e') in 0.0079646 seconds
Number of updated asset objects reloaded before import = 0Number of asset objects unloaded after import = 2

========================================================================
Received Import Request.
  Time since last request: 0.000025 seconds.
  path: Assets/GameAssetsGreg/Model/Weapons/ShieldDiffuseOutline.png
  artifactKey: Guid(5d3b7e74f4a6e6649b30959ce45be108) Importer(815301076,1909f56bfc062723c751e8b465ee728b)
Start importing Assets/GameAssetsGreg/Model/Weapons/ShieldDiffuseOutline.png using Guid(5d3b7e74f4a6e6649b30959ce45be108) Importer(815301076,1909f56bfc062723c751e8b465ee728b) (PreviewImporter) -> (artifact id: 'b1bd4da2d052a2f1a4a6a8fe03fcad2d') in 0.0079502 seconds
Number of updated asset objects reloaded before import = 0Number of asset objects unloaded after import = 2

========================================================================
Received Import Request.
  Time since last request: 0.000029 seconds.
  path: Assets/GameAssetsGreg/Model/Weapons/Sword_001.fbx
  artifactKey: Guid(6e00a6013e09a0d4f902a568ea7d8b3d) Importer(815301076,1909f56bfc062723c751e8b465ee728b)
Start importing Assets/GameAssetsGreg/Model/Weapons/Sword_001.fbx using Guid(6e00a6013e09a0d4f902a568ea7d8b3d) Importer(815301076,1909f56bfc062723c751e8b465ee728b) (PreviewImporter) -> (artifact id: '08cb22aeadcc725f512a23edf84426cc') in 0.0323699 seconds
Number of updated asset objects reloaded before import = 0Number of asset objects unloaded after import = 10

========================================================================
Received Import Request.
  Time since last request: 0.000024 seconds.
  path: Assets/GameAssetsGreg/Model/Weapons/HammerAO.png
  artifactKey: Guid(533f4560aaa801545a870e8e56f16128) Importer(815301076,1909f56bfc062723c751e8b465ee728b)
Start importing Assets/GameAssetsGreg/Model/Weapons/HammerAO.png using Guid(533f4560aaa801545a870e8e56f16128) Importer(815301076,1909f56bfc062723c751e8b465ee728b) (PreviewImporter) -> (artifact id: '62a56c4aaa930f3009715a4ae6fb9bba') in 0.0076993 seconds
Number of updated asset objects reloaded before import = 0Number of asset objects unloaded after import = 2

========================================================================
Received Import Request.
  Time since last request: 0.000036 seconds.
  path: Assets/GameAssetsGreg/Model/Weapons/AxeDiffuse.png
  artifactKey: Guid(929b1e4b4f837db478e87ed07f6f4b8a) Importer(815301076,1909f56bfc062723c751e8b465ee728b)
Start importing Assets/GameAssetsGreg/Model/Weapons/AxeDiffuse.png using Guid(929b1e4b4f837db478e87ed07f6f4b8a) Importer(815301076,1909f56bfc062723c751e8b465ee728b) (PreviewImporter) -> (artifact id: 'da4c5c4667e7055d1516d38061444748') in 0.01063 seconds
Number of updated asset objects reloaded before import = 0Number of asset objects unloaded after import = 2

========================================================================
Received Import Request.
  Time since last request: 0.000022 seconds.
  path: Assets/GameAssetsGreg/Model/Weapons/Spear_001.fbx
  artifactKey: Guid(57e13fec17f76194096ebaf756453797) Importer(815301076,1909f56bfc062723c751e8b465ee728b)
Start importing Assets/GameAssetsGreg/Model/Weapons/Spear_001.fbx using Guid(57e13fec17f76194096ebaf756453797) Importer(815301076,1909f56bfc062723c751e8b465ee728b) (PreviewImporter) -> (artifact id: 'b39b2e29e98fac9a12d513a6525e9081') in 0.0994193 seconds
Number of updated asset objects reloaded before import = 0Number of asset objects unloaded after import = 10

========================================================================
Received Import Request.
  Time since last request: 204.585841 seconds.
  path: Assets/GameAssetsGreg/Model/Knight/ArmourDetail.png
  artifactKey: Guid(5a7cbbfdd54936c42bad0cf94e1149f3) Importer(815301076,1909f56bfc062723c751e8b465ee728b)
Start importing Assets/GameAssetsGreg/Model/Knight/ArmourDetail.png using Guid(5a7cbbfdd54936c42bad0cf94e1149f3) Importer(815301076,1909f56bfc062723c751e8b465ee728b) (PreviewImporter) -> (artifact id: 'd27e0fab6f4933077998895ea7f0fba1') in 0.0380211 seconds
Number of updated asset objects reloaded before import = 0Number of asset objects unloaded after import = 2

========================================================================
Received Import Request.
  Time since last request: 230.411619 seconds.
  path: Assets/GameAssetsGreg/Model/Knight/Materials
  artifactKey: Guid(b6d963f4eec1a024b917702345633ccc) Importer(815301076,1909f56bfc062723c751e8b465ee728b)
Start importing Assets/GameAssetsGreg/Model/Knight/Materials using Guid(b6d963f4eec1a024b917702345633ccc) Importer(815301076,1909f56bfc062723c751e8b465ee728b) (PreviewImporter) -> (artifact id: '09fb2d8592572880897ce4b614ee26c0') in 0.0006943 seconds
Number of updated asset objects reloaded before import = 0Number of asset objects unloaded after import = 0

========================================================================
Received Import Request.
  Time since last request: 0.024568 seconds.
  path: Assets/GameAssetsGreg/Model/Knight/Materials/ArmourDetail.mat
  artifactKey: Guid(7ee7435242c15b441bce8dab628932fb) Importer(815301076,1909f56bfc062723c751e8b465ee728b)
Start importing Assets/GameAssetsGreg/Model/Knight/Materials/ArmourDetail.mat using Guid(7ee7435242c15b441bce8dab628932fb) Importer(815301076,1909f56bfc062723c751e8b465ee728b) (PreviewImporter) -> (artifact id: '1d51c80590f1bb5e6fd4b02918e58b8e') in 2.1952377 seconds
Number of updated asset objects reloaded before import = 0Number of asset objects unloaded after import = 3

========================================================================
Received Prepare
Refreshing native plugins compatible for Editor in 1.26 ms, found 3 plugins.
Preloading 0 native plugins for Editor in 0.00 ms.
Unloading 13 Unused Serialized files (Serialized files now loaded: 0)
Unloading 5983 unused Assets / (5.0 MB). Loaded Objects now: 8877.
Memory consumption went from 153.0 MB to 148.1 MB.
Total: 11.614300 ms (FindLiveObjects: 0.772300 ms CreateObjectMapping: 0.899200 ms MarkObjects: 7.167000 ms  DeleteObjects: 2.775400 ms)

Prepare: number of updated asset objects reloaded= 0
========================================================================
Received Prepare
Begin MonoManager ReloadAssembly
- Loaded All Assemblies, in  0.742 seconds
Refreshing native plugins compatible for Editor in 1.36 ms, found 3 plugins.
Native extension for UWP target not found
Native extension for WindowsStandalone target not found
Native extension for WebGL target not found
Mono: successfully reloaded assembly
- Finished resetting the current domain, in  0.653 seconds
Domain Reload Profiling: 1395ms
	BeginReloadAssembly (241ms)
		ExecutionOrderSort (0ms)
		DisableScriptedObjects (19ms)
		BackupInstance (0ms)
		ReleaseScriptingObjects (0ms)
		CreateAndSetChildDomain (58ms)
	RebuildCommonClasses (33ms)
	RebuildNativeTypeToScriptingClass (10ms)
	initialDomainReloadingComplete (31ms)
	LoadAllAssembliesAndSetupDomain (428ms)
		LoadAssemblies (360ms)
		RebuildTransferFunctionScriptingTraits (0ms)
		AnalyzeDomain (169ms)
			TypeCache.Refresh (9ms)
				TypeCache.ScanAssembly (0ms)
			BuildScriptInfoCaches (146ms)
			ResolveRequiredComponents (10ms)
	FinalizeReload (653ms)
		ReleaseScriptCaches (0ms)
		RebuildScriptCaches (0ms)
		SetupLoadedEditorAssemblies (485ms)
			LogAssemblyErrors (0ms)
			InitializePlatformSupportModulesInManaged (2ms)
			SetLoadedEditorAssemblies (4ms)
			BeforeProcessingInitializeOnLoad (127ms)
			ProcessInitializeOnLoadAttributes (298ms)
			ProcessInitializeOnLoadMethodAttributes (46ms)
			AfterProcessingInitializeOnLoad (8ms)
			EditorAssembliesLoaded (0ms)
		ExecutionOrderSort2 (0ms)
		AwakeInstancesAfterBackupRestoration (17ms)
Refreshing native plugins compatible for Editor in 1.31 ms, found 3 plugins.
Preloading 0 native plugins for Editor in 0.00 ms.
Unloading 23 Unused Serialized files (Serialized files now loaded: 0)
Unloading 5989 unused Assets / (4.8 MB). Loaded Objects now: 8767.
Memory consumption went from 156.9 MB to 152.1 MB.
Total: 9.010800 ms (FindLiveObjects: 0.713500 ms CreateObjectMapping: 0.884300 ms MarkObjects: 4.823300 ms  DeleteObjects: 2.588100 ms)

Prepare: number of updated asset objects reloaded= 0
========================================================================
Received Prepare
Refreshing native plugins compatible for Editor in 2.10 ms, found 3 plugins.
Preloading 0 native plugins for Editor in 0.00 ms.
Unloading 13 Unused Serialized files (Serialized files now loaded: 0)
Unloading 5982 unused Assets / (4.7 MB). Loaded Objects now: 8767.
Memory consumption went from 157.0 MB to 152.3 MB.
Total: 12.957100 ms (FindLiveObjects: 1.213200 ms CreateObjectMapping: 1.611300 ms MarkObjects: 6.469000 ms  DeleteObjects: 3.662700 ms)

Prepare: number of updated asset objects reloaded= 0
========================================================================
Received Prepare
Begin MonoManager ReloadAssembly
- Loaded All Assemblies, in  0.827 seconds
Refreshing native plugins compatible for Editor in 1.46 ms, found 3 plugins.
Native extension for UWP target not found
Native extension for WindowsStandalone target not found
Native extension for WebGL target not found
Mono: successfully reloaded assembly
- Finished resetting the current domain, in  0.736 seconds
Domain Reload Profiling: 1561ms
	BeginReloadAssembly (234ms)
		ExecutionOrderSort (0ms)
		DisableScriptedObjects (6ms)
		BackupInstance (0ms)
		ReleaseScriptingObjects (0ms)
		CreateAndSetChildDomain (47ms)
	RebuildCommonClasses (33ms)
	RebuildNativeTypeToScriptingClass (10ms)
	initialDomainReloadingComplete (32ms)
	LoadAllAssembliesAndSetupDomain (516ms)
		LoadAssemblies (464ms)
		RebuildTransferFunctionScriptingTraits (0ms)
		AnalyzeDomain (170ms)
			TypeCache.Refresh (9ms)
				TypeCache.ScanAssembly (0ms)
			BuildScriptInfoCaches (146ms)
			ResolveRequiredComponents (11ms)
	FinalizeReload (737ms)
		ReleaseScriptCaches (0ms)
		RebuildScriptCaches (0ms)
		SetupLoadedEditorAssemblies (556ms)
			LogAssemblyErrors (0ms)
			InitializePlatformSupportModulesInManaged (2ms)
			SetLoadedEditorAssemblies (3ms)
			BeforeProcessingInitializeOnLoad (161ms)
			ProcessInitializeOnLoadAttributes (333ms)
			ProcessInitializeOnLoadMethodAttributes (49ms)
			AfterProcessingInitializeOnLoad (8ms)
			EditorAssembliesLoaded (0ms)
		ExecutionOrderSort2 (0ms)
		AwakeInstancesAfterBackupRestoration (20ms)
Refreshing native plugins compatible for Editor in 1.53 ms, found 3 plugins.
Preloading 0 native plugins for Editor in 0.00 ms.
Unloading 13 Unused Serialized files (Serialized files now loaded: 0)
Unloading 5989 unused Assets / (4.9 MB). Loaded Objects now: 8769.
Memory consumption went from 158.5 MB to 153.6 MB.
Total: 10.504200 ms (FindLiveObjects: 0.802600 ms CreateObjectMapping: 0.909900 ms MarkObjects: 5.219100 ms  DeleteObjects: 3.571600 ms)

Prepare: number of updated asset objects reloaded= 0
========================================================================
Received Prepare
Begin MonoManager ReloadAssembly
- Loaded All Assemblies, in  0.712 seconds
Refreshing native plugins compatible for Editor in 1.19 ms, found 3 plugins.
Native extension for UWP target not found
Native extension for WindowsStandalone target not found
Native extension for WebGL target not found
Mono: successfully reloaded assembly
- Finished resetting the current domain, in  0.659 seconds
Domain Reload Profiling: 1369ms
	BeginReloadAssembly (209ms)
		ExecutionOrderSort (0ms)
		DisableScriptedObjects (6ms)
		BackupInstance (0ms)
		ReleaseScriptingObjects (0ms)
		CreateAndSetChildDomain (48ms)
	RebuildCommonClasses (34ms)
	RebuildNativeTypeToScriptingClass (10ms)
	initialDomainReloadingComplete (31ms)
	LoadAllAssembliesAndSetupDomain (426ms)
		LoadAssemblies (366ms)
		RebuildTransferFunctionScriptingTraits (0ms)
		AnalyzeDomain (158ms)
			TypeCache.Refresh (6ms)
				TypeCache.ScanAssembly (0ms)
			BuildScriptInfoCaches (139ms)
			ResolveRequiredComponents (9ms)
	FinalizeReload (659ms)
		ReleaseScriptCaches (0ms)
		RebuildScriptCaches (0ms)
		SetupLoadedEditorAssemblies (488ms)
			LogAssemblyErrors (0ms)
			InitializePlatformSupportModulesInManaged (3ms)
			SetLoadedEditorAssemblies (4ms)
			BeforeProcessingInitializeOnLoad (109ms)
			ProcessInitializeOnLoadAttributes (310ms)
			ProcessInitializeOnLoadMethodAttributes (54ms)
			AfterProcessingInitializeOnLoad (9ms)
			EditorAssembliesLoaded (0ms)
		ExecutionOrderSort2 (0ms)
		AwakeInstancesAfterBackupRestoration (20ms)
Refreshing native plugins compatible for Editor in 1.45 ms, found 3 plugins.
Preloading 0 native plugins for Editor in 0.00 ms.
Unloading 13 Unused Serialized files (Serialized files now loaded: 0)
Unloading 5989 unused Assets / (4.1 MB). Loaded Objects now: 8771.
Memory consumption went from 160.4 MB to 156.2 MB.
Total: 9.266300 ms (FindLiveObjects: 0.722300 ms CreateObjectMapping: 0.877900 ms MarkObjects: 4.562100 ms  DeleteObjects: 3.103200 ms)

Prepare: number of updated asset objects reloaded= 0
