Using pre-set license
Built from '6000.2/respin/6000.2.0b2-d4c40f50eb81' branch; Version is '6000.2.0b2 (2bdac9ac0d74) revision 2874057'; Using compiler version '194234433'; Build Type 'Release'
OS: 'Windows 11  (10.0.26100) 64bit Professional' Language: 'pt' Physical Memory: 16229 MB
BatchMode: 1, IsHumanControllingUs: 0, StartBugReporterOnCrash: 0, Is64bit: 1
Date: 2025-05-30T14:16:30Z

COMMAND LINE ARGUMENTS:
C:\Program Files\Unity\6000.2.0b2\Editor\Unity.exe
-adb2
-batchMode
-noUpm
-name
AssetImportWorker1
-projectPath
D:/Lucas/Estudos/Dev/Unity/PathOfLearning
-logFile
Logs/AssetImportWorker1.log
-srvPort
57531
-job-worker-count
5
-background-job-worker-count
8
-gc-helper-count
1
-name
AssetImport
Successfully changed project path to: D:/Lucas/Estudos/Dev/Unity/PathOfLearning
D:/Lucas/Estudos/Dev/Unity/PathOfLearning
[UnityMemory] Configuration Parameters - Can be set up in boot.config
    "memorysetup-allocator-temp-initial-block-size-main=262144"
    "memorysetup-allocator-temp-initial-block-size-worker=262144"
    "memorysetup-bucket-allocator-granularity=16"
    "memorysetup-bucket-allocator-bucket-count=8"
    "memorysetup-bucket-allocator-block-size=33554432"
    "memorysetup-bucket-allocator-block-count=8"
    "memorysetup-main-allocator-block-size=16777216"
    "memorysetup-thread-allocator-block-size=16777216"
    "memorysetup-gfx-main-allocator-block-size=16777216"
    "memorysetup-gfx-thread-allocator-block-size=16777216"
    "memorysetup-cache-allocator-block-size=4194304"
    "memorysetup-typetree-allocator-block-size=2097152"
    "memorysetup-profiler-bucket-allocator-granularity=16"
    "memorysetup-profiler-bucket-allocator-bucket-count=8"
    "memorysetup-profiler-bucket-allocator-block-size=33554432"
    "memorysetup-profiler-bucket-allocator-block-count=8"
    "memorysetup-profiler-allocator-block-size=16777216"
    "memorysetup-profiler-editor-allocator-block-size=1048576"
    "memorysetup-temp-allocator-size-main=16777216"
    "memorysetup-job-temp-allocator-block-size=2097152"
    "memorysetup-job-temp-allocator-block-size-background=1048576"
    "memorysetup-job-temp-allocator-reduction-small-platforms=262144"
    "memorysetup-temp-allocator-size-background-worker=32768"
    "memorysetup-temp-allocator-size-job-worker=262144"
    "memorysetup-temp-allocator-size-preload-manager=33554432"
    "memorysetup-temp-allocator-size-nav-mesh-worker=65536"
    "memorysetup-temp-allocator-size-audio-worker=65536"
    "memorysetup-temp-allocator-size-cloud-worker=32768"
    "memorysetup-temp-allocator-size-gi-baking-worker=262144"
    "memorysetup-temp-allocator-size-gi-baking-worker=262144"
    "memorysetup-temp-allocator-size-gi-baking-worker=262144"
    "memorysetup-temp-allocator-size-gi-baking-worker=262144"
    "memorysetup-temp-allocator-size-gi-baking-worker=262144"
    "memorysetup-temp-allocator-size-gfx=262144"
Player connection [11620]  Target information:

Player connection [11620]  * "[IP] 192.168.1.102 [Port] 0 [Flags] 2 [Guid] 560473310 [EditorId] 560473310 [Version] 1048832 [Id] WindowsEditor(7,DESKTOP-KL4VHS6) [Debug] 1 [PackageName] WindowsEditor [ProjectName] Editor" 

Player connection [11620] Host joined multi-casting on [225.0.0.222:54997]...
Player connection [11620] Host joined alternative multi-casting on [225.0.0.222:34997]...
JobSystem: Creating JobQueue using job-worker-count value 5
Input System module state changed to: Initialized.
[Physics::Module] Initialized fallback backend.
[Physics::Module] Id: 0xdecafbad
Library Redirect Path: Library/
[Physics::Module] Selected backend.
[Physics::Module] Name: PhysX
[Physics::Module] Id: 0xf2b8ea05
[Physics::Module] SDK Version: 4.1.2
[Physics::Module] Integration Version: 1.0.0
[Physics::Module] Threading Mode: Multi-Threaded
Refreshing native plugins compatible for Editor in 2.38 ms, found 3 plugins.
Preloading 0 native plugins for Editor in 0.00 ms.
Initialize engine version: 6000.2.0b2 (2bdac9ac0d74)
[Subsystems] Discovering subsystems at path C:/Program Files/Unity/6000.2.0b2/Editor/Data/Resources/UnitySubsystems
[Subsystems] Discovering subsystems at path D:/Lucas/Estudos/Dev/Unity/PathOfLearning/Assets
GfxDevice: creating device client; kGfxThreadingModeNonThreaded
Direct3D:
    Version:         Direct3D 12 [level 12.1]
    Renderer:        AMD Radeon RX 6700 XT (ID=0x73df)
    Vendor:          ATI
    VRAM:            12217 MB
    App VRAM Budget: 11449 MB
    Driver:          32.0.12033.1030
Initialize mono
Mono path[0] = 'C:/Program Files/Unity/6000.2.0b2/Editor/Data/Managed'
Mono path[1] = 'C:/Program Files/Unity/6000.2.0b2/Editor/Data/MonoBleedingEdge/lib/mono/unityjit-win32'
Mono config path = 'C:/Program Files/Unity/6000.2.0b2/Editor/Data/MonoBleedingEdge/etc'
Using monoOptions --debugger-agent=transport=dt_socket,embedding=1,server=y,suspend=n,address=127.0.0.1:56832
Begin MonoManager ReloadAssembly
Registering precompiled unity dll's ...
Register platform support module: C:/Program Files/Unity/6000.2.0b2/Editor/Data/PlaybackEngines/WebGLSupport/UnityEditor.WebGL.Extensions.dll
Register platform support module: C:/Program Files/Unity/6000.2.0b2/Editor/Data/PlaybackEngines/WindowsStandaloneSupport/UnityEditor.WindowsStandalone.Extensions.dll
Register platform support module: C:/Program Files/Unity/6000.2.0b2/Editor/Data/PlaybackEngines/MetroSupport/UnityEditor.UWP.Extensions.dll
Registered in 0.003535 seconds.
- Loaded All Assemblies, in  0.396 seconds
Native extension for UWP target not found
Native extension for WindowsStandalone target not found
Native extension for WebGL target not found
Mono: successfully reloaded assembly
- Finished resetting the current domain, in  0.363 seconds
Domain Reload Profiling: 756ms
	BeginReloadAssembly (133ms)
		ExecutionOrderSort (0ms)
		DisableScriptedObjects (0ms)
		BackupInstance (0ms)
		ReleaseScriptingObjects (0ms)
		CreateAndSetChildDomain (1ms)
	RebuildCommonClasses (39ms)
	RebuildNativeTypeToScriptingClass (10ms)
	initialDomainReloadingComplete (52ms)
	LoadAllAssembliesAndSetupDomain (158ms)
		LoadAssemblies (130ms)
		RebuildTransferFunctionScriptingTraits (0ms)
		AnalyzeDomain (154ms)
			TypeCache.Refresh (152ms)
				TypeCache.ScanAssembly (139ms)
			BuildScriptInfoCaches (0ms)
			ResolveRequiredComponents (0ms)
	FinalizeReload (363ms)
		ReleaseScriptCaches (0ms)
		RebuildScriptCaches (0ms)
		SetupLoadedEditorAssemblies (318ms)
			LogAssemblyErrors (0ms)
			InitializePlatformSupportModulesInManaged (56ms)
			SetLoadedEditorAssemblies (4ms)
			BeforeProcessingInitializeOnLoad (67ms)
			ProcessInitializeOnLoadAttributes (132ms)
			ProcessInitializeOnLoadMethodAttributes (59ms)
			AfterProcessingInitializeOnLoad (0ms)
			EditorAssembliesLoaded (0ms)
		ExecutionOrderSort2 (0ms)
		AwakeInstancesAfterBackupRestoration (0ms)
========================================================================
Worker process is ready to serve import requests
Import Worker Mode flag is 0x00
Begin MonoManager ReloadAssembly
- Loaded All Assemblies, in  0.784 seconds
Refreshing native plugins compatible for Editor in 1.68 ms, found 3 plugins.
Native extension for UWP target not found
Native extension for WindowsStandalone target not found
Native extension for WebGL target not found
Mono: successfully reloaded assembly
- Finished resetting the current domain, in  0.924 seconds
Domain Reload Profiling: 1704ms
	BeginReloadAssembly (184ms)
		ExecutionOrderSort (0ms)
		DisableScriptedObjects (6ms)
		BackupInstance (0ms)
		ReleaseScriptingObjects (0ms)
		CreateAndSetChildDomain (33ms)
	RebuildCommonClasses (37ms)
	RebuildNativeTypeToScriptingClass (11ms)
	initialDomainReloadingComplete (41ms)
	LoadAllAssembliesAndSetupDomain (507ms)
		LoadAssemblies (381ms)
		RebuildTransferFunctionScriptingTraits (0ms)
		AnalyzeDomain (227ms)
			TypeCache.Refresh (173ms)
				TypeCache.ScanAssembly (157ms)
			BuildScriptInfoCaches (42ms)
			ResolveRequiredComponents (10ms)
	FinalizeReload (924ms)
		ReleaseScriptCaches (0ms)
		RebuildScriptCaches (0ms)
		SetupLoadedEditorAssemblies (613ms)
			LogAssemblyErrors (0ms)
			InitializePlatformSupportModulesInManaged (3ms)
			SetLoadedEditorAssemblies (6ms)
			BeforeProcessingInitializeOnLoad (146ms)
			ProcessInitializeOnLoadAttributes (397ms)
			ProcessInitializeOnLoadMethodAttributes (53ms)
			AfterProcessingInitializeOnLoad (7ms)
			EditorAssembliesLoaded (0ms)
		ExecutionOrderSort2 (0ms)
		AwakeInstancesAfterBackupRestoration (8ms)
Launched and connected shader compiler UnityShaderCompiler.exe after 0.01 seconds
Refreshing native plugins compatible for Editor in 1.42 ms, found 3 plugins.
Preloading 0 native plugins for Editor in 0.00 ms.
Unloading 239 Unused Serialized files (Serialized files now loaded: 0)
Unloading 5992 unused Assets / (4.9 MB). Loaded Objects now: 8677.
Memory consumption went from 166.6 MB to 161.7 MB.
Total: 10.998400 ms (FindLiveObjects: 0.683600 ms CreateObjectMapping: 0.945000 ms MarkObjects: 5.730500 ms  DeleteObjects: 3.637800 ms)

========================================================================
Received Import Request.
  Time since last request: 887039.864670 seconds.
  path: Assets/GameAssetsGreg/Model/Knight/LongSwordAO.png
  artifactKey: Guid(9755271e555496d43b80d5700c03d8f0) Importer(815301076,1909f56bfc062723c751e8b465ee728b)
Start importing Assets/GameAssetsGreg/Model/Knight/LongSwordAO.png using Guid(9755271e555496d43b80d5700c03d8f0) Importer(815301076,1909f56bfc062723c751e8b465ee728b) (PreviewImporter) -> (artifact id: '0cf5296eff7599e02a506286f83b9fd4') in 0.0681269 seconds
Number of updated asset objects reloaded before import = 0Number of asset objects unloaded after import = 2

========================================================================
Received Import Request.
  Time since last request: 0.000019 seconds.
  path: Assets/GameAssetsGreg/Model/Knight/GreatSword_001.fbx
  artifactKey: Guid(7cb1a06215726c24bb20602e1a02684f) Importer(815301076,1909f56bfc062723c751e8b465ee728b)
Start importing Assets/GameAssetsGreg/Model/Knight/GreatSword_001.fbx using Guid(7cb1a06215726c24bb20602e1a02684f) Importer(815301076,1909f56bfc062723c751e8b465ee728b) (PreviewImporter) -> (artifact id: '432f0cf04b8430cfadb2e72b3d70146a') in 4.9256421 seconds
Number of updated asset objects reloaded before import = 0Number of asset objects unloaded after import = 8

========================================================================
Received Import Request.
  Time since last request: 0.000049 seconds.
  path: Assets/GameAssetsGreg/Model/Knight/ArmourDetail.png
  artifactKey: Guid(5a7cbbfdd54936c42bad0cf94e1149f3) Importer(815301076,1909f56bfc062723c751e8b465ee728b)
Start importing Assets/GameAssetsGreg/Model/Knight/ArmourDetail.png using Guid(5a7cbbfdd54936c42bad0cf94e1149f3) Importer(815301076,1909f56bfc062723c751e8b465ee728b) (PreviewImporter) -> (artifact id: '593fdf8a76a1849725553f183f8349df') in 0.011195 seconds
Number of updated asset objects reloaded before import = 0Number of asset objects unloaded after import = 2

========================================================================
Received Import Request.
  Time since last request: 7.025969 seconds.
  path: Assets/GameAssetsGreg/Model/Weapons/ArrowDiffuse.png
  artifactKey: Guid(ad308385d673eeb4a818a56881796e58) Importer(815301076,1909f56bfc062723c751e8b465ee728b)
Start importing Assets/GameAssetsGreg/Model/Weapons/ArrowDiffuse.png using Guid(ad308385d673eeb4a818a56881796e58) Importer(815301076,1909f56bfc062723c751e8b465ee728b) (PreviewImporter) -> (artifact id: '40588dbd563a5c7187cab30d61056faa') in 0.0093577 seconds
Number of updated asset objects reloaded before import = 0Number of asset objects unloaded after import = 2

========================================================================
Received Import Request.
  Time since last request: 0.000025 seconds.
  path: Assets/GameAssetsGreg/Model/Weapons/AxeAO.png
  artifactKey: Guid(cc0277be6f0f81d4a988fb6ed8c4c337) Importer(815301076,1909f56bfc062723c751e8b465ee728b)
Start importing Assets/GameAssetsGreg/Model/Weapons/AxeAO.png using Guid(cc0277be6f0f81d4a988fb6ed8c4c337) Importer(815301076,1909f56bfc062723c751e8b465ee728b) (PreviewImporter) -> (artifact id: '6c4c668b4fb31597ece1841ff22a6664') in 0.0076804 seconds
Number of updated asset objects reloaded before import = 0Number of asset objects unloaded after import = 2

========================================================================
Received Import Request.
  Time since last request: 0.000026 seconds.
  path: Assets/GameAssetsGreg/Model/Weapons/MaceDiffuse.png
  artifactKey: Guid(3fc2165d88d9a864a877179a33c3fb6d) Importer(815301076,1909f56bfc062723c751e8b465ee728b)
Start importing Assets/GameAssetsGreg/Model/Weapons/MaceDiffuse.png using Guid(3fc2165d88d9a864a877179a33c3fb6d) Importer(815301076,1909f56bfc062723c751e8b465ee728b) (PreviewImporter) -> (artifact id: '3666f61a12ee2b8877e78777fbe4f9c0') in 0.0083875 seconds
Number of updated asset objects reloaded before import = 0Number of asset objects unloaded after import = 2

========================================================================
Received Import Request.
  Time since last request: 0.000033 seconds.
  path: Assets/GameAssetsGreg/Model/Weapons/Dagger_001.fbx
  artifactKey: Guid(815b9f5a6527df74aa4dad9f5a3bad3b) Importer(815301076,1909f56bfc062723c751e8b465ee728b)
Start importing Assets/GameAssetsGreg/Model/Weapons/Dagger_001.fbx using Guid(815b9f5a6527df74aa4dad9f5a3bad3b) Importer(815301076,1909f56bfc062723c751e8b465ee728b) (PreviewImporter) -> (artifact id: '2af84a867bb05657aea103deb5e527db') in 0.0614965 seconds
Number of updated asset objects reloaded before import = 0Number of asset objects unloaded after import = 19

========================================================================
Received Import Request.
  Time since last request: 0.000020 seconds.
  path: Assets/GameAssetsGreg/Model/Weapons/ArrowSimple_001.fbx
  artifactKey: Guid(597bfe01c7c327a49addf8048eaa7c75) Importer(815301076,1909f56bfc062723c751e8b465ee728b)
Start importing Assets/GameAssetsGreg/Model/Weapons/ArrowSimple_001.fbx using Guid(597bfe01c7c327a49addf8048eaa7c75) Importer(815301076,1909f56bfc062723c751e8b465ee728b) (PreviewImporter) -> (artifact id: '443e3b8077a79fcca9db5a3ad3742795') in 0.0280216 seconds
Number of updated asset objects reloaded before import = 0Number of asset objects unloaded after import = 10

========================================================================
Received Import Request.
  Time since last request: 0.000031 seconds.
  path: Assets/GameAssetsGreg/Model/Weapons/LongSwordDiffuse.png
  artifactKey: Guid(9b3940eef4bcc38449f63252b873db29) Importer(815301076,1909f56bfc062723c751e8b465ee728b)
Start importing Assets/GameAssetsGreg/Model/Weapons/LongSwordDiffuse.png using Guid(9b3940eef4bcc38449f63252b873db29) Importer(815301076,1909f56bfc062723c751e8b465ee728b) (PreviewImporter) -> (artifact id: '17253c81049793b8b72c50e8dc4e998f') in 0.0082576 seconds
Number of updated asset objects reloaded before import = 0Number of asset objects unloaded after import = 2

========================================================================
Received Import Request.
  Time since last request: 0.000026 seconds.
  path: Assets/GameAssetsGreg/Model/Weapons/BowDiffuse.png
  artifactKey: Guid(e816aea6fb470e64fbdb8bb32a2685e7) Importer(815301076,1909f56bfc062723c751e8b465ee728b)
Start importing Assets/GameAssetsGreg/Model/Weapons/BowDiffuse.png using Guid(e816aea6fb470e64fbdb8bb32a2685e7) Importer(815301076,1909f56bfc062723c751e8b465ee728b) (PreviewImporter) -> (artifact id: '417574ccaf48a94f25dbf2d3a14f5eca') in 0.0082999 seconds
Number of updated asset objects reloaded before import = 0Number of asset objects unloaded after import = 2

========================================================================
Received Import Request.
  Time since last request: 0.000045 seconds.
  path: Assets/GameAssetsGreg/Model/Weapons/ShieldDiffuse.png
  artifactKey: Guid(50f1cd7fd8da1384db027a74db9157af) Importer(815301076,1909f56bfc062723c751e8b465ee728b)
Start importing Assets/GameAssetsGreg/Model/Weapons/ShieldDiffuse.png using Guid(50f1cd7fd8da1384db027a74db9157af) Importer(815301076,1909f56bfc062723c751e8b465ee728b) (PreviewImporter) -> (artifact id: 'f55599245968d51a5118b4f68f90e61d') in 0.0093836 seconds
Number of updated asset objects reloaded before import = 0Number of asset objects unloaded after import = 2

========================================================================
Received Import Request.
  Time since last request: 0.000030 seconds.
  path: Assets/GameAssetsGreg/Model/Weapons/BowAO.png
  artifactKey: Guid(b4b8fcc55a7cb634287e67aafe1f9110) Importer(815301076,1909f56bfc062723c751e8b465ee728b)
Start importing Assets/GameAssetsGreg/Model/Weapons/BowAO.png using Guid(b4b8fcc55a7cb634287e67aafe1f9110) Importer(815301076,1909f56bfc062723c751e8b465ee728b) (PreviewImporter) -> (artifact id: '881d4bb9b108f85ba4bd8615249a44ba') in 0.0092997 seconds
Number of updated asset objects reloaded before import = 0Number of asset objects unloaded after import = 2

========================================================================
Received Import Request.
  Time since last request: 0.000025 seconds.
  path: Assets/GameAssetsGreg/Model/Weapons/GreatSword_002.fbx
  artifactKey: Guid(804c3368e9b7fbc45b7462b86b0a3924) Importer(815301076,1909f56bfc062723c751e8b465ee728b)
Start importing Assets/GameAssetsGreg/Model/Weapons/GreatSword_002.fbx using Guid(804c3368e9b7fbc45b7462b86b0a3924) Importer(815301076,1909f56bfc062723c751e8b465ee728b) (PreviewImporter) -> (artifact id: '6585009ff77bd52bc6ba6e3aff1a762e') in 0.0285653 seconds
Number of updated asset objects reloaded before import = 0Number of asset objects unloaded after import = 8

========================================================================
Received Import Request.
  Time since last request: 0.000027 seconds.
  path: Assets/GameAssetsGreg/Model/Weapons/BattleAxeDiffuse.png
  artifactKey: Guid(362e1048b5842bb4c94d0ec8d4a282ba) Importer(815301076,1909f56bfc062723c751e8b465ee728b)
Start importing Assets/GameAssetsGreg/Model/Weapons/BattleAxeDiffuse.png using Guid(362e1048b5842bb4c94d0ec8d4a282ba) Importer(815301076,1909f56bfc062723c751e8b465ee728b) (PreviewImporter) -> (artifact id: '6e9031c3cd715c873fd65d3ac2f2bd72') in 0.0096698 seconds
Number of updated asset objects reloaded before import = 0Number of asset objects unloaded after import = 2

========================================================================
Received Import Request.
  Time since last request: 0.000039 seconds.
  path: Assets/GameAssetsGreg/Model/Weapons/Mace_001.fbx
  artifactKey: Guid(aeabf88b3fe93b64797a7c1306480b9e) Importer(815301076,1909f56bfc062723c751e8b465ee728b)
Start importing Assets/GameAssetsGreg/Model/Weapons/Mace_001.fbx using Guid(aeabf88b3fe93b64797a7c1306480b9e) Importer(815301076,1909f56bfc062723c751e8b465ee728b) (PreviewImporter) -> (artifact id: '8373d78d3197e977233b7304ce92bb6c') in 0.0275686 seconds
Number of updated asset objects reloaded before import = 0Number of asset objects unloaded after import = 10

========================================================================
Received Import Request.
  Time since last request: 0.000024 seconds.
  path: Assets/GameAssetsGreg/Model/Weapons/SwordAO.png
  artifactKey: Guid(ab123c6db5c6de84bba1c8d3a65092ab) Importer(815301076,1909f56bfc062723c751e8b465ee728b)
Start importing Assets/GameAssetsGreg/Model/Weapons/SwordAO.png using Guid(ab123c6db5c6de84bba1c8d3a65092ab) Importer(815301076,1909f56bfc062723c751e8b465ee728b) (PreviewImporter) -> (artifact id: '879f95ff7abf2d3b7e12f9832bbb631c') in 0.010652 seconds
Number of updated asset objects reloaded before import = 0Number of asset objects unloaded after import = 2

========================================================================
Received Import Request.
  Time since last request: 435.221121 seconds.
  path: Assets/GameAssetsGreg/Model/Knight/Materials/ArmourDiffuse.mat
  artifactKey: Guid(c5d335cf2f2193445984d53ce0e5ff94) Importer(815301076,1909f56bfc062723c751e8b465ee728b)
Start importing Assets/GameAssetsGreg/Model/Knight/Materials/ArmourDiffuse.mat using Guid(c5d335cf2f2193445984d53ce0e5ff94) Importer(815301076,1909f56bfc062723c751e8b465ee728b) (PreviewImporter) -> (artifact id: '8b01b06e006c8f76a4c9673f6fb98318') in 0.0187839 seconds
Number of updated asset objects reloaded before import = 0Number of asset objects unloaded after import = 2

========================================================================
Received Prepare
Refreshing native plugins compatible for Editor in 1.40 ms, found 3 plugins.
Preloading 0 native plugins for Editor in 0.00 ms.
Unloading 13 Unused Serialized files (Serialized files now loaded: 0)
Unloading 5983 unused Assets / (4.4 MB). Loaded Objects now: 8874.
Memory consumption went from 146.2 MB to 141.8 MB.
Total: 10.963500 ms (FindLiveObjects: 0.690100 ms CreateObjectMapping: 0.865100 ms MarkObjects: 6.681800 ms  DeleteObjects: 2.725800 ms)

Prepare: number of updated asset objects reloaded= 0
========================================================================
Received Prepare
Begin MonoManager ReloadAssembly
- Loaded All Assemblies, in  0.745 seconds
Refreshing native plugins compatible for Editor in 1.18 ms, found 3 plugins.
Native extension for UWP target not found
Native extension for WindowsStandalone target not found
Native extension for WebGL target not found
Mono: successfully reloaded assembly
- Finished resetting the current domain, in  0.649 seconds
Domain Reload Profiling: 1393ms
	BeginReloadAssembly (237ms)
		ExecutionOrderSort (0ms)
		DisableScriptedObjects (20ms)
		BackupInstance (0ms)
		ReleaseScriptingObjects (0ms)
		CreateAndSetChildDomain (60ms)
	RebuildCommonClasses (33ms)
	RebuildNativeTypeToScriptingClass (10ms)
	initialDomainReloadingComplete (30ms)
	LoadAllAssembliesAndSetupDomain (434ms)
		LoadAssemblies (357ms)
		RebuildTransferFunctionScriptingTraits (0ms)
		AnalyzeDomain (170ms)
			TypeCache.Refresh (9ms)
				TypeCache.ScanAssembly (0ms)
			BuildScriptInfoCaches (146ms)
			ResolveRequiredComponents (11ms)
	FinalizeReload (649ms)
		ReleaseScriptCaches (0ms)
		RebuildScriptCaches (0ms)
		SetupLoadedEditorAssemblies (482ms)
			LogAssemblyErrors (0ms)
			InitializePlatformSupportModulesInManaged (3ms)
			SetLoadedEditorAssemblies (4ms)
			BeforeProcessingInitializeOnLoad (125ms)
			ProcessInitializeOnLoadAttributes (297ms)
			ProcessInitializeOnLoadMethodAttributes (45ms)
			AfterProcessingInitializeOnLoad (8ms)
			EditorAssembliesLoaded (0ms)
		ExecutionOrderSort2 (0ms)
		AwakeInstancesAfterBackupRestoration (17ms)
Refreshing native plugins compatible for Editor in 1.36 ms, found 3 plugins.
Preloading 0 native plugins for Editor in 0.00 ms.
Unloading 23 Unused Serialized files (Serialized files now loaded: 0)
Unloading 5989 unused Assets / (4.8 MB). Loaded Objects now: 8764.
Memory consumption went from 150.1 MB to 145.2 MB.
Total: 8.769500 ms (FindLiveObjects: 0.670600 ms CreateObjectMapping: 0.852700 ms MarkObjects: 4.711500 ms  DeleteObjects: 2.534000 ms)

Prepare: number of updated asset objects reloaded= 0
========================================================================
Received Prepare
Refreshing native plugins compatible for Editor in 2.08 ms, found 3 plugins.
Preloading 0 native plugins for Editor in 0.00 ms.
Unloading 13 Unused Serialized files (Serialized files now loaded: 0)
Unloading 5982 unused Assets / (4.2 MB). Loaded Objects now: 8764.
Memory consumption went from 150.1 MB to 145.9 MB.
Total: 11.014400 ms (FindLiveObjects: 0.994800 ms CreateObjectMapping: 0.869200 ms MarkObjects: 6.290500 ms  DeleteObjects: 2.858700 ms)

Prepare: number of updated asset objects reloaded= 0
========================================================================
Received Prepare
Begin MonoManager ReloadAssembly
- Loaded All Assemblies, in  0.828 seconds
Refreshing native plugins compatible for Editor in 1.23 ms, found 3 plugins.
Native extension for UWP target not found
Native extension for WindowsStandalone target not found
Native extension for WebGL target not found
Mono: successfully reloaded assembly
- Finished resetting the current domain, in  0.732 seconds
Domain Reload Profiling: 1558ms
	BeginReloadAssembly (235ms)
		ExecutionOrderSort (0ms)
		DisableScriptedObjects (6ms)
		BackupInstance (0ms)
		ReleaseScriptingObjects (0ms)
		CreateAndSetChildDomain (49ms)
	RebuildCommonClasses (34ms)
	RebuildNativeTypeToScriptingClass (10ms)
	initialDomainReloadingComplete (31ms)
	LoadAllAssembliesAndSetupDomain (516ms)
		LoadAssemblies (466ms)
		RebuildTransferFunctionScriptingTraits (0ms)
		AnalyzeDomain (170ms)
			TypeCache.Refresh (8ms)
				TypeCache.ScanAssembly (0ms)
			BuildScriptInfoCaches (147ms)
			ResolveRequiredComponents (12ms)
	FinalizeReload (732ms)
		ReleaseScriptCaches (0ms)
		RebuildScriptCaches (0ms)
		SetupLoadedEditorAssemblies (552ms)
			LogAssemblyErrors (0ms)
			InitializePlatformSupportModulesInManaged (3ms)
			SetLoadedEditorAssemblies (4ms)
			BeforeProcessingInitializeOnLoad (158ms)
			ProcessInitializeOnLoadAttributes (328ms)
			ProcessInitializeOnLoadMethodAttributes (51ms)
			AfterProcessingInitializeOnLoad (7ms)
			EditorAssembliesLoaded (0ms)
		ExecutionOrderSort2 (0ms)
		AwakeInstancesAfterBackupRestoration (21ms)
Refreshing native plugins compatible for Editor in 1.38 ms, found 3 plugins.
Preloading 0 native plugins for Editor in 0.00 ms.
Unloading 13 Unused Serialized files (Serialized files now loaded: 0)
Unloading 5989 unused Assets / (4.8 MB). Loaded Objects now: 8766.
Memory consumption went from 151.5 MB to 146.7 MB.
Total: 9.270900 ms (FindLiveObjects: 0.686000 ms CreateObjectMapping: 0.877800 ms MarkObjects: 4.797000 ms  DeleteObjects: 2.908500 ms)

Prepare: number of updated asset objects reloaded= 0
========================================================================
Received Prepare
Begin MonoManager ReloadAssembly
- Loaded All Assemblies, in  0.717 seconds
Refreshing native plugins compatible for Editor in 1.24 ms, found 3 plugins.
Native extension for UWP target not found
Native extension for WindowsStandalone target not found
Native extension for WebGL target not found
Mono: successfully reloaded assembly
- Finished resetting the current domain, in  0.644 seconds
Domain Reload Profiling: 1359ms
	BeginReloadAssembly (212ms)
		ExecutionOrderSort (0ms)
		DisableScriptedObjects (6ms)
		BackupInstance (0ms)
		ReleaseScriptingObjects (0ms)
		CreateAndSetChildDomain (47ms)
	RebuildCommonClasses (34ms)
	RebuildNativeTypeToScriptingClass (11ms)
	initialDomainReloadingComplete (32ms)
	LoadAllAssembliesAndSetupDomain (426ms)
		LoadAssemblies (368ms)
		RebuildTransferFunctionScriptingTraits (0ms)
		AnalyzeDomain (159ms)
			TypeCache.Refresh (6ms)
				TypeCache.ScanAssembly (0ms)
			BuildScriptInfoCaches (139ms)
			ResolveRequiredComponents (9ms)
	FinalizeReload (644ms)
		ReleaseScriptCaches (0ms)
		RebuildScriptCaches (0ms)
		SetupLoadedEditorAssemblies (481ms)
			LogAssemblyErrors (0ms)
			InitializePlatformSupportModulesInManaged (2ms)
			SetLoadedEditorAssemblies (3ms)
			BeforeProcessingInitializeOnLoad (115ms)
			ProcessInitializeOnLoadAttributes (295ms)
			ProcessInitializeOnLoadMethodAttributes (58ms)
			AfterProcessingInitializeOnLoad (7ms)
			EditorAssembliesLoaded (0ms)
		ExecutionOrderSort2 (0ms)
		AwakeInstancesAfterBackupRestoration (21ms)
Refreshing native plugins compatible for Editor in 1.40 ms, found 3 plugins.
Preloading 0 native plugins for Editor in 0.00 ms.
Unloading 13 Unused Serialized files (Serialized files now loaded: 0)
Unloading 5989 unused Assets / (4.8 MB). Loaded Objects now: 8768.
Memory consumption went from 153.3 MB to 148.5 MB.
Total: 12.278500 ms (FindLiveObjects: 0.859200 ms CreateObjectMapping: 1.199500 ms MarkObjects: 7.152600 ms  DeleteObjects: 3.066000 ms)

Prepare: number of updated asset objects reloaded= 0
