Using pre-set license
Built from '6000.2/respin/6000.2.0b2-d4c40f50eb81' branch; Version is '6000.2.0b2 (2bdac9ac0d74) revision 2874057'; Using compiler version '194234433'; Build Type 'Release'
OS: 'Windows 11  (10.0.26100) 64bit Professional' Language: 'pt' Physical Memory: 16229 MB
BatchMode: 1, IsHumanControllingUs: 0, StartBugReporterOnCrash: 0, Is64bit: 1
Date: 2025-05-30T14:16:32Z

COMMAND LINE ARGUMENTS:
C:\Program Files\Unity\6000.2.0b2\Editor\Unity.exe
-adb2
-batchMode
-noUpm
-name
AssetImportWorker2
-projectPath
D:/Lucas/Estudos/Dev/Unity/PathOfLearning
-logFile
Logs/AssetImportWorker2.log
-srvPort
57531
-job-worker-count
5
-background-job-worker-count
8
-gc-helper-count
1
-name
AssetImport
Successfully changed project path to: D:/Lucas/Estudos/Dev/Unity/PathOfLearning
D:/Lucas/Estudos/Dev/Unity/PathOfLearning
[UnityMemory] Configuration Parameters - Can be set up in boot.config
    "memorysetup-allocator-temp-initial-block-size-main=262144"
    "memorysetup-allocator-temp-initial-block-size-worker=262144"
    "memorysetup-bucket-allocator-granularity=16"
    "memorysetup-bucket-allocator-bucket-count=8"
    "memorysetup-bucket-allocator-block-size=33554432"
    "memorysetup-bucket-allocator-block-count=8"
    "memorysetup-main-allocator-block-size=16777216"
    "memorysetup-thread-allocator-block-size=16777216"
    "memorysetup-gfx-main-allocator-block-size=16777216"
    "memorysetup-gfx-thread-allocator-block-size=16777216"
    "memorysetup-cache-allocator-block-size=4194304"
    "memorysetup-typetree-allocator-block-size=2097152"
    "memorysetup-profiler-bucket-allocator-granularity=16"
    "memorysetup-profiler-bucket-allocator-bucket-count=8"
    "memorysetup-profiler-bucket-allocator-block-size=33554432"
    "memorysetup-profiler-bucket-allocator-block-count=8"
    "memorysetup-profiler-allocator-block-size=16777216"
    "memorysetup-profiler-editor-allocator-block-size=1048576"
    "memorysetup-temp-allocator-size-main=16777216"
    "memorysetup-job-temp-allocator-block-size=2097152"
    "memorysetup-job-temp-allocator-block-size-background=1048576"
    "memorysetup-job-temp-allocator-reduction-small-platforms=262144"
    "memorysetup-temp-allocator-size-background-worker=32768"
    "memorysetup-temp-allocator-size-job-worker=262144"
    "memorysetup-temp-allocator-size-preload-manager=33554432"
    "memorysetup-temp-allocator-size-nav-mesh-worker=65536"
    "memorysetup-temp-allocator-size-audio-worker=65536"
    "memorysetup-temp-allocator-size-cloud-worker=32768"
    "memorysetup-temp-allocator-size-gi-baking-worker=262144"
    "memorysetup-temp-allocator-size-gi-baking-worker=262144"
    "memorysetup-temp-allocator-size-gi-baking-worker=262144"
    "memorysetup-temp-allocator-size-gi-baking-worker=262144"
    "memorysetup-temp-allocator-size-gi-baking-worker=262144"
    "memorysetup-temp-allocator-size-gfx=262144"
Player connection [21692]  Target information:

Player connection [21692]  * "[IP] 192.168.1.102 [Port] 0 [Flags] 2 [Guid] 425476801 [EditorId] 425476801 [Version] 1048832 [Id] WindowsEditor(7,DESKTOP-KL4VHS6) [Debug] 1 [PackageName] WindowsEditor [ProjectName] Editor" 

Player connection [21692] Host joined multi-casting on [225.0.0.222:54997]...
Player connection [21692] Host joined alternative multi-casting on [225.0.0.222:34997]...
JobSystem: Creating JobQueue using job-worker-count value 5
Input System module state changed to: Initialized.
[Physics::Module] Initialized fallback backend.
[Physics::Module] Id: 0xdecafbad
Library Redirect Path: Library/
[Physics::Module] Selected backend.
[Physics::Module] Name: PhysX
[Physics::Module] Id: 0xf2b8ea05
[Physics::Module] SDK Version: 4.1.2
[Physics::Module] Integration Version: 1.0.0
[Physics::Module] Threading Mode: Multi-Threaded
Refreshing native plugins compatible for Editor in 2.70 ms, found 3 plugins.
Preloading 0 native plugins for Editor in 0.00 ms.
Initialize engine version: 6000.2.0b2 (2bdac9ac0d74)
[Subsystems] Discovering subsystems at path C:/Program Files/Unity/6000.2.0b2/Editor/Data/Resources/UnitySubsystems
[Subsystems] Discovering subsystems at path D:/Lucas/Estudos/Dev/Unity/PathOfLearning/Assets
GfxDevice: creating device client; kGfxThreadingModeNonThreaded
Direct3D:
    Version:         Direct3D 12 [level 12.1]
    Renderer:        AMD Radeon RX 6700 XT (ID=0x73df)
    Vendor:          ATI
    VRAM:            12217 MB
    App VRAM Budget: 11449 MB
    Driver:          32.0.12033.1030
Initialize mono
Mono path[0] = 'C:/Program Files/Unity/6000.2.0b2/Editor/Data/Managed'
Mono path[1] = 'C:/Program Files/Unity/6000.2.0b2/Editor/Data/MonoBleedingEdge/lib/mono/unityjit-win32'
Mono config path = 'C:/Program Files/Unity/6000.2.0b2/Editor/Data/MonoBleedingEdge/etc'
Using monoOptions --debugger-agent=transport=dt_socket,embedding=1,server=y,suspend=n,address=127.0.0.1:56612
Begin MonoManager ReloadAssembly
Registering precompiled unity dll's ...
Register platform support module: C:/Program Files/Unity/6000.2.0b2/Editor/Data/PlaybackEngines/WebGLSupport/UnityEditor.WebGL.Extensions.dll
Register platform support module: C:/Program Files/Unity/6000.2.0b2/Editor/Data/PlaybackEngines/WindowsStandaloneSupport/UnityEditor.WindowsStandalone.Extensions.dll
Register platform support module: C:/Program Files/Unity/6000.2.0b2/Editor/Data/PlaybackEngines/MetroSupport/UnityEditor.UWP.Extensions.dll
Registered in 0.003654 seconds.
- Loaded All Assemblies, in  0.474 seconds
Native extension for UWP target not found
Native extension for WindowsStandalone target not found
Native extension for WebGL target not found
Mono: successfully reloaded assembly
- Finished resetting the current domain, in  0.376 seconds
Domain Reload Profiling: 846ms
	BeginReloadAssembly (170ms)
		ExecutionOrderSort (0ms)
		DisableScriptedObjects (0ms)
		BackupInstance (0ms)
		ReleaseScriptingObjects (0ms)
		CreateAndSetChildDomain (1ms)
	RebuildCommonClasses (47ms)
	RebuildNativeTypeToScriptingClass (17ms)
	initialDomainReloadingComplete (60ms)
	LoadAllAssembliesAndSetupDomain (176ms)
		LoadAssemblies (164ms)
		RebuildTransferFunctionScriptingTraits (0ms)
		AnalyzeDomain (172ms)
			TypeCache.Refresh (170ms)
				TypeCache.ScanAssembly (155ms)
			BuildScriptInfoCaches (0ms)
			ResolveRequiredComponents (1ms)
	FinalizeReload (377ms)
		ReleaseScriptCaches (0ms)
		RebuildScriptCaches (0ms)
		SetupLoadedEditorAssemblies (324ms)
			LogAssemblyErrors (0ms)
			InitializePlatformSupportModulesInManaged (61ms)
			SetLoadedEditorAssemblies (4ms)
			BeforeProcessingInitializeOnLoad (64ms)
			ProcessInitializeOnLoadAttributes (133ms)
			ProcessInitializeOnLoadMethodAttributes (61ms)
			AfterProcessingInitializeOnLoad (0ms)
			EditorAssembliesLoaded (0ms)
		ExecutionOrderSort2 (0ms)
		AwakeInstancesAfterBackupRestoration (0ms)
========================================================================
Worker process is ready to serve import requests
Import Worker Mode flag is 0x00
Begin MonoManager ReloadAssembly
- Loaded All Assemblies, in  0.920 seconds
Refreshing native plugins compatible for Editor in 1.66 ms, found 3 plugins.
Native extension for UWP target not found
Native extension for WindowsStandalone target not found
Native extension for WebGL target not found
Mono: successfully reloaded assembly
- Finished resetting the current domain, in  0.913 seconds
Domain Reload Profiling: 1828ms
	BeginReloadAssembly (192ms)
		ExecutionOrderSort (0ms)
		DisableScriptedObjects (6ms)
		BackupInstance (0ms)
		ReleaseScriptingObjects (0ms)
		CreateAndSetChildDomain (38ms)
	RebuildCommonClasses (49ms)
	RebuildNativeTypeToScriptingClass (11ms)
	initialDomainReloadingComplete (45ms)
	LoadAllAssembliesAndSetupDomain (618ms)
		LoadAssemblies (420ms)
		RebuildTransferFunctionScriptingTraits (0ms)
		AnalyzeDomain (304ms)
			TypeCache.Refresh (235ms)
				TypeCache.ScanAssembly (213ms)
			BuildScriptInfoCaches (49ms)
			ResolveRequiredComponents (14ms)
	FinalizeReload (913ms)
		ReleaseScriptCaches (0ms)
		RebuildScriptCaches (0ms)
		SetupLoadedEditorAssemblies (613ms)
			LogAssemblyErrors (0ms)
			InitializePlatformSupportModulesInManaged (3ms)
			SetLoadedEditorAssemblies (6ms)
			BeforeProcessingInitializeOnLoad (134ms)
			ProcessInitializeOnLoadAttributes (396ms)
			ProcessInitializeOnLoadMethodAttributes (66ms)
			AfterProcessingInitializeOnLoad (8ms)
			EditorAssembliesLoaded (0ms)
		ExecutionOrderSort2 (0ms)
		AwakeInstancesAfterBackupRestoration (9ms)
Launched and connected shader compiler UnityShaderCompiler.exe after 0.01 seconds
Refreshing native plugins compatible for Editor in 1.90 ms, found 3 plugins.
Preloading 0 native plugins for Editor in 0.00 ms.
Unloading 239 Unused Serialized files (Serialized files now loaded: 0)
Unloading 5992 unused Assets / (5.1 MB). Loaded Objects now: 8677.
Memory consumption went from 162.8 MB to 157.7 MB.
Total: 12.535400 ms (FindLiveObjects: 1.019000 ms CreateObjectMapping: 1.331000 ms MarkObjects: 6.247200 ms  DeleteObjects: 3.936200 ms)

========================================================================
Received Import Request.
  Time since last request: 887042.636840 seconds.
  path: Assets/GameAssetsGreg/Model/Knight
  artifactKey: Guid(6367d4f62d5801944b84ac27e13c1444) Importer(815301076,1909f56bfc062723c751e8b465ee728b)
Start importing Assets/GameAssetsGreg/Model/Knight using Guid(6367d4f62d5801944b84ac27e13c1444) Importer(815301076,1909f56bfc062723c751e8b465ee728b) (PreviewImporter) -> (artifact id: '7d0235fd3bd528860c47957967aa62b5') in 0.0067223 seconds
Number of updated asset objects reloaded before import = 0Number of asset objects unloaded after import = 0

========================================================================
Received Import Request.
  Time since last request: 0.000023 seconds.
  path: Assets/GameAssetsGreg/Model/Knight/BaseBodyDiffuse.png
  artifactKey: Guid(da621b56c092b444596999641a24b1e4) Importer(815301076,1909f56bfc062723c751e8b465ee728b)
Start importing Assets/GameAssetsGreg/Model/Knight/BaseBodyDiffuse.png using Guid(da621b56c092b444596999641a24b1e4) Importer(815301076,1909f56bfc062723c751e8b465ee728b) (PreviewImporter) -> (artifact id: 'abbd9c43816c1c559c71f2be26f30fd8') in 0.0718805 seconds
Number of updated asset objects reloaded before import = 0Number of asset objects unloaded after import = 2

========================================================================
Received Import Request.
  Time since last request: 0.000025 seconds.
  path: Assets/GameAssetsGreg/Model
  artifactKey: Guid(50d5077518150b446bfd217fb711524c) Importer(815301076,1909f56bfc062723c751e8b465ee728b)
Start importing Assets/GameAssetsGreg/Model using Guid(50d5077518150b446bfd217fb711524c) Importer(815301076,1909f56bfc062723c751e8b465ee728b) (PreviewImporter) -> (artifact id: 'e8e80472748be5d23fa2693b204e91b0') in 0.0011911 seconds
Number of updated asset objects reloaded before import = 0Number of asset objects unloaded after import = 0

========================================================================
Received Import Request.
  Time since last request: 0.000038 seconds.
  path: Assets/GameAssetsGreg/Model/Knight/LongSwordDiffuse.png
  artifactKey: Guid(fac81250437068d4f9f59132100265d7) Importer(815301076,1909f56bfc062723c751e8b465ee728b)
Start importing Assets/GameAssetsGreg/Model/Knight/LongSwordDiffuse.png using Guid(fac81250437068d4f9f59132100265d7) Importer(815301076,1909f56bfc062723c751e8b465ee728b) (PreviewImporter) -> (artifact id: '41fb582b498883bd1fa6ff8375a02d4f') in 0.0117622 seconds
Number of updated asset objects reloaded before import = 0Number of asset objects unloaded after import = 2

========================================================================
Received Import Request.
  Time since last request: 0.000022 seconds.
  path: Assets/GameAssetsGreg/Model/Knight/BaseBodyDetail.png
  artifactKey: Guid(8d012dcf168be6e4592418c3ec73b5ea) Importer(815301076,1909f56bfc062723c751e8b465ee728b)
Start importing Assets/GameAssetsGreg/Model/Knight/BaseBodyDetail.png using Guid(8d012dcf168be6e4592418c3ec73b5ea) Importer(815301076,1909f56bfc062723c751e8b465ee728b) (PreviewImporter) -> (artifact id: 'fb03bddbd54ee01d1d3cf085c8278e40') in 0.0121529 seconds
Number of updated asset objects reloaded before import = 0Number of asset objects unloaded after import = 2

========================================================================
Received Import Request.
  Time since last request: 0.000050 seconds.
  path: Assets/GameAssetsGreg/Model/Skeleton
  artifactKey: Guid(dd9fb97bfbecbf343bf9515e1f022a59) Importer(815301076,1909f56bfc062723c751e8b465ee728b)
Start importing Assets/GameAssetsGreg/Model/Skeleton using Guid(dd9fb97bfbecbf343bf9515e1f022a59) Importer(815301076,1909f56bfc062723c751e8b465ee728b) (PreviewImporter) -> (artifact id: 'ab8003a331b39a5de1449739e88b8366') in 0.0011433 seconds
Number of updated asset objects reloaded before import = 0Number of asset objects unloaded after import = 0

========================================================================
Received Import Request.
  Time since last request: 0.000023 seconds.
  path: Assets/GameAssetsGreg/Model/Skeleton/SkeletonDiffuse.png
  artifactKey: Guid(75628b2520865674a976f6625390f9ba) Importer(815301076,1909f56bfc062723c751e8b465ee728b)
Start importing Assets/GameAssetsGreg/Model/Skeleton/SkeletonDiffuse.png using Guid(75628b2520865674a976f6625390f9ba) Importer(815301076,1909f56bfc062723c751e8b465ee728b) (PreviewImporter) -> (artifact id: 'da3acc37951a9aaee41c6bc45971d835') in 0.0100719 seconds
Number of updated asset objects reloaded before import = 0Number of asset objects unloaded after import = 2

========================================================================
Received Import Request.
  Time since last request: 0.000032 seconds.
  path: Assets/GameAssetsGreg
  artifactKey: Guid(a0188faabdf934642a4546f749876609) Importer(815301076,1909f56bfc062723c751e8b465ee728b)
Start importing Assets/GameAssetsGreg using Guid(a0188faabdf934642a4546f749876609) Importer(815301076,1909f56bfc062723c751e8b465ee728b) (PreviewImporter) -> (artifact id: 'bb23514988dcaf3d085a123da6350523') in 0.0007815 seconds
Number of updated asset objects reloaded before import = 0Number of asset objects unloaded after import = 0

========================================================================
Received Import Request.
  Time since last request: 0.000022 seconds.
  path: Assets/GameAssetsGreg/Model/Knight/ArmourDiffuse.png
  artifactKey: Guid(277e4ef32fd7c1842836f273384bb80e) Importer(815301076,1909f56bfc062723c751e8b465ee728b)
Start importing Assets/GameAssetsGreg/Model/Knight/ArmourDiffuse.png using Guid(277e4ef32fd7c1842836f273384bb80e) Importer(815301076,1909f56bfc062723c751e8b465ee728b) (PreviewImporter) -> (artifact id: '86e4f8a2ce881c531a547f59dfb5a18e') in 0.0187687 seconds
Number of updated asset objects reloaded before import = 0Number of asset objects unloaded after import = 2

========================================================================
Received Import Request.
  Time since last request: 0.000025 seconds.
  path: Assets/GameAssetsGreg/Model/Skeleton/Skeleton_001.fbx
  artifactKey: Guid(ec287dc946fc44240954d01b7ffd0178) Importer(815301076,1909f56bfc062723c751e8b465ee728b)
Start importing Assets/GameAssetsGreg/Model/Skeleton/Skeleton_001.fbx using Guid(ec287dc946fc44240954d01b7ffd0178) Importer(815301076,1909f56bfc062723c751e8b465ee728b) (PreviewImporter) -> (artifact id: 'fb3b950a2fa23aa043a8288adcca6cf6') in 3.776183 seconds
Number of updated asset objects reloaded before import = 0Number of asset objects unloaded after import = 216

========================================================================
Received Import Request.
  Time since last request: 4.830068 seconds.
  path: Assets/GameAssetsGreg/Model/Weapons
  artifactKey: Guid(251878378ce1e744ba5ef54e9c2d28b4) Importer(815301076,1909f56bfc062723c751e8b465ee728b)
Start importing Assets/GameAssetsGreg/Model/Weapons using Guid(251878378ce1e744ba5ef54e9c2d28b4) Importer(815301076,1909f56bfc062723c751e8b465ee728b) (PreviewImporter) -> (artifact id: 'd5bda3b6348db7eaae0f6bbea1ae95e4') in 0.0009004 seconds
Number of updated asset objects reloaded before import = 0Number of asset objects unloaded after import = 0

========================================================================
Received Import Request.
  Time since last request: 0.002192 seconds.
  path: Assets/GameAssetsGreg/Model/Weapons/ArrowAO.png
  artifactKey: Guid(03b1b6ec725bfc04395f25ea44b41e3c) Importer(815301076,1909f56bfc062723c751e8b465ee728b)
Start importing Assets/GameAssetsGreg/Model/Weapons/ArrowAO.png using Guid(03b1b6ec725bfc04395f25ea44b41e3c) Importer(815301076,1909f56bfc062723c751e8b465ee728b) (PreviewImporter) -> (artifact id: '5a75991ef36488a605d3b44336289c9b') in 0.007838 seconds
Number of updated asset objects reloaded before import = 0Number of asset objects unloaded after import = 2

========================================================================
Received Import Request.
  Time since last request: 0.000026 seconds.
  path: Assets/GameAssetsGreg/Model/Weapons/LongSwordAO.png
  artifactKey: Guid(6e06a88148b80e74ab4eeac648c2888f) Importer(815301076,1909f56bfc062723c751e8b465ee728b)
Start importing Assets/GameAssetsGreg/Model/Weapons/LongSwordAO.png using Guid(6e06a88148b80e74ab4eeac648c2888f) Importer(815301076,1909f56bfc062723c751e8b465ee728b) (PreviewImporter) -> (artifact id: '061cf1c080ea83cd10fbb7154096b3af') in 0.0081488 seconds
Number of updated asset objects reloaded before import = 0Number of asset objects unloaded after import = 2

========================================================================
Received Import Request.
  Time since last request: 0.000021 seconds.
  path: Assets/GameAssetsGreg/Model/Weapons/Axe_001.fbx
  artifactKey: Guid(04300b19134b5a94c81a0c10bd01960b) Importer(815301076,1909f56bfc062723c751e8b465ee728b)
Start importing Assets/GameAssetsGreg/Model/Weapons/Axe_001.fbx using Guid(04300b19134b5a94c81a0c10bd01960b) Importer(815301076,1909f56bfc062723c751e8b465ee728b) (PreviewImporter) -> (artifact id: '6d00b44c48ad85e334867f873c056076') in 0.0723352 seconds
Number of updated asset objects reloaded before import = 0Number of asset objects unloaded after import = 10

========================================================================
Received Import Request.
  Time since last request: 0.000028 seconds.
  path: Assets/GameAssetsGreg/Model/Weapons/Hammer_001.fbx
  artifactKey: Guid(a4ec66e9c78820149a509d1b1d61722a) Importer(815301076,1909f56bfc062723c751e8b465ee728b)
Start importing Assets/GameAssetsGreg/Model/Weapons/Hammer_001.fbx using Guid(a4ec66e9c78820149a509d1b1d61722a) Importer(815301076,1909f56bfc062723c751e8b465ee728b) (PreviewImporter) -> (artifact id: '9ec0aacfbd1b3f22bba1a703836acf08') in 0.0282633 seconds
Number of updated asset objects reloaded before import = 0Number of asset objects unloaded after import = 10

========================================================================
Received Import Request.
  Time since last request: 0.000032 seconds.
  path: Assets/GameAssetsGreg/Model/Weapons/DaggerDiffuse.png
  artifactKey: Guid(0b190f1332d4cb041991f37afd6302ca) Importer(815301076,1909f56bfc062723c751e8b465ee728b)
Start importing Assets/GameAssetsGreg/Model/Weapons/DaggerDiffuse.png using Guid(0b190f1332d4cb041991f37afd6302ca) Importer(815301076,1909f56bfc062723c751e8b465ee728b) (PreviewImporter) -> (artifact id: 'be587d4f514be4e02132d846315e6c2a') in 0.0089138 seconds
Number of updated asset objects reloaded before import = 0Number of asset objects unloaded after import = 2

========================================================================
Received Import Request.
  Time since last request: 0.000024 seconds.
  path: Assets/GameAssetsGreg/Model/Weapons/DaggerAO.png
  artifactKey: Guid(adcbc21d4d24a0147a1478c1714e502c) Importer(815301076,1909f56bfc062723c751e8b465ee728b)
Start importing Assets/GameAssetsGreg/Model/Weapons/DaggerAO.png using Guid(adcbc21d4d24a0147a1478c1714e502c) Importer(815301076,1909f56bfc062723c751e8b465ee728b) (PreviewImporter) -> (artifact id: '1c2f644282da1957d9e4c763d36ba134') in 0.0114586 seconds
Number of updated asset objects reloaded before import = 0Number of asset objects unloaded after import = 2

========================================================================
Received Import Request.
  Time since last request: 0.000028 seconds.
  path: Assets/GameAssetsGreg/Model/Weapons/SpearAO.png
  artifactKey: Guid(2e01deca45d624742ad84177f1fe3696) Importer(815301076,1909f56bfc062723c751e8b465ee728b)
Start importing Assets/GameAssetsGreg/Model/Weapons/SpearAO.png using Guid(2e01deca45d624742ad84177f1fe3696) Importer(815301076,1909f56bfc062723c751e8b465ee728b) (PreviewImporter) -> (artifact id: '1a24347acad8256563ca314cf2ba3c52') in 0.0083025 seconds
Number of updated asset objects reloaded before import = 0Number of asset objects unloaded after import = 2

========================================================================
Received Import Request.
  Time since last request: 0.000034 seconds.
  path: Assets/GameAssetsGreg/Model/Weapons/ArrowSharp_001.fbx
  artifactKey: Guid(38463319134779640a65398a764ee7dd) Importer(815301076,1909f56bfc062723c751e8b465ee728b)
Start importing Assets/GameAssetsGreg/Model/Weapons/ArrowSharp_001.fbx using Guid(38463319134779640a65398a764ee7dd) Importer(815301076,1909f56bfc062723c751e8b465ee728b) (PreviewImporter) -> (artifact id: '6fabf477dde3daaa96a0ad0b206bfa7c') in 0.0278283 seconds
Number of updated asset objects reloaded before import = 0Number of asset objects unloaded after import = 10

========================================================================
Received Import Request.
  Time since last request: 0.000034 seconds.
  path: Assets/GameAssetsGreg/Model/Weapons/BattleAxeAO.png
  artifactKey: Guid(ea4da14395cff5c42ace8176fd345508) Importer(815301076,1909f56bfc062723c751e8b465ee728b)
Start importing Assets/GameAssetsGreg/Model/Weapons/BattleAxeAO.png using Guid(ea4da14395cff5c42ace8176fd345508) Importer(815301076,1909f56bfc062723c751e8b465ee728b) (PreviewImporter) -> (artifact id: 'c3082fcda9960b233f0828529d5eef7a') in 0.0082981 seconds
Number of updated asset objects reloaded before import = 0Number of asset objects unloaded after import = 2

========================================================================
Received Import Request.
  Time since last request: 0.000025 seconds.
  path: Assets/GameAssetsGreg/Model/Weapons/SpearDiffuse.png
  artifactKey: Guid(c8bea34e9fd72874c90a4f988cae6853) Importer(815301076,1909f56bfc062723c751e8b465ee728b)
Start importing Assets/GameAssetsGreg/Model/Weapons/SpearDiffuse.png using Guid(c8bea34e9fd72874c90a4f988cae6853) Importer(815301076,1909f56bfc062723c751e8b465ee728b) (PreviewImporter) -> (artifact id: '09d3d1233aa5aeba224acd01970de08e') in 0.0080409 seconds
Number of updated asset objects reloaded before import = 0Number of asset objects unloaded after import = 2

========================================================================
Received Import Request.
  Time since last request: 0.000029 seconds.
  path: Assets/GameAssetsGreg/Model/Weapons/Bow_001.fbx
  artifactKey: Guid(b102e485d37eb4d4892164c90608eb52) Importer(815301076,1909f56bfc062723c751e8b465ee728b)
Start importing Assets/GameAssetsGreg/Model/Weapons/Bow_001.fbx using Guid(b102e485d37eb4d4892164c90608eb52) Importer(815301076,1909f56bfc062723c751e8b465ee728b) (PreviewImporter) -> (artifact id: '0ef229f303645111dd7af5bb351acdc2') in 0.0279048 seconds
Number of updated asset objects reloaded before import = 0Number of asset objects unloaded after import = 10

========================================================================
Received Import Request.
  Time since last request: 0.000024 seconds.
  path: Assets/GameAssetsGreg/Model/Weapons/SwordDiffuse.png
  artifactKey: Guid(055b14fafab94694f9d12a1674e4989b) Importer(815301076,1909f56bfc062723c751e8b465ee728b)
Start importing Assets/GameAssetsGreg/Model/Weapons/SwordDiffuse.png using Guid(055b14fafab94694f9d12a1674e4989b) Importer(815301076,1909f56bfc062723c751e8b465ee728b) (PreviewImporter) -> (artifact id: 'd1982feefee9f152546140b3060e759c') in 0.0085995 seconds
Number of updated asset objects reloaded before import = 0Number of asset objects unloaded after import = 2

Editor requested this worker to shutdown with reason: Scaling down because of idle timeout
AssetImportWorker is now disconnected from the server
Process exiting
Exiting without the bug reporter. Application will terminate with return code 0